

Started GET "/songs" for 127.0.0.1 at 2014-10-06 08:05:05 -0300

PG::ConnectionBad (FATAL:  Peer authentication failed for user "LyricsFromHell"
):
  activerecord (4.0.8) lib/active_record/connection_adapters/postgresql_adapter.rb:855:in `initialize'
  activerecord (4.0.8) lib/active_record/connection_adapters/postgresql_adapter.rb:855:in `new'
  activerecord (4.0.8) lib/active_record/connection_adapters/postgresql_adapter.rb:855:in `connect'
  activerecord (4.0.8) lib/active_record/connection_adapters/postgresql_adapter.rb:556:in `initialize'
  activerecord (4.0.8) lib/active_record/connection_adapters/postgresql_adapter.rb:41:in `new'
  activerecord (4.0.8) lib/active_record/connection_adapters/postgresql_adapter.rb:41:in `postgresql_connection'
  activerecord (4.0.8) lib/active_record/connection_adapters/abstract/connection_pool.rb:440:in `new_connection'
  activerecord (4.0.8) lib/active_record/connection_adapters/abstract/connection_pool.rb:450:in `checkout_new_connection'
  activerecord (4.0.8) lib/active_record/connection_adapters/abstract/connection_pool.rb:421:in `acquire_connection'
  activerecord (4.0.8) lib/active_record/connection_adapters/abstract/connection_pool.rb:356:in `block in checkout'
  /home/gunnalar/.rvm/rubies/ruby-2.0.0-p481/lib/ruby/2.0.0/monitor.rb:211:in `mon_synchronize'
  activerecord (4.0.8) lib/active_record/connection_adapters/abstract/connection_pool.rb:355:in `checkout'
  activerecord (4.0.8) lib/active_record/connection_adapters/abstract/connection_pool.rb:265:in `block in connection'
  /home/gunnalar/.rvm/rubies/ruby-2.0.0-p481/lib/ruby/2.0.0/monitor.rb:211:in `mon_synchronize'
  activerecord (4.0.8) lib/active_record/connection_adapters/abstract/connection_pool.rb:264:in `connection'
  activerecord (4.0.8) lib/active_record/connection_adapters/abstract/connection_pool.rb:546:in `retrieve_connection'
  activerecord (4.0.8) lib/active_record/connection_handling.rb:79:in `retrieve_connection'
  activerecord (4.0.8) lib/active_record/connection_handling.rb:53:in `connection'
  activerecord (4.0.8) lib/active_record/migration.rb:796:in `current_version'
  activerecord (4.0.8) lib/active_record/migration.rb:804:in `needs_migration?'
  activerecord (4.0.8) lib/active_record/migration.rb:383:in `check_pending!'
  activerecord (4.0.8) lib/active_record/migration.rb:370:in `call'
  actionpack (4.0.8) lib/action_dispatch/middleware/callbacks.rb:29:in `block in call'
  activesupport (4.0.8) lib/active_support/callbacks.rb:373:in `_run__2428426816821736834__call__callbacks'
  activesupport (4.0.8) lib/active_support/callbacks.rb:80:in `run_callbacks'
  actionpack (4.0.8) lib/action_dispatch/middleware/callbacks.rb:27:in `call'
  actionpack (4.0.8) lib/action_dispatch/middleware/reloader.rb:64:in `call'
  actionpack (4.0.8) lib/action_dispatch/middleware/remote_ip.rb:76:in `call'
  actionpack (4.0.8) lib/action_dispatch/middleware/debug_exceptions.rb:17:in `call'
  actionpack (4.0.8) lib/action_dispatch/middleware/show_exceptions.rb:30:in `call'
  railties (4.0.8) lib/rails/rack/logger.rb:38:in `call_app'
  railties (4.0.8) lib/rails/rack/logger.rb:20:in `block in call'
  activesupport (4.0.8) lib/active_support/tagged_logging.rb:68:in `block in tagged'
  activesupport (4.0.8) lib/active_support/tagged_logging.rb:26:in `tagged'
  activesupport (4.0.8) lib/active_support/tagged_logging.rb:68:in `tagged'
  railties (4.0.8) lib/rails/rack/logger.rb:20:in `call'
  actionpack (4.0.8) lib/action_dispatch/middleware/request_id.rb:21:in `call'
  rack (1.5.2) lib/rack/methodoverride.rb:21:in `call'
  rack (1.5.2) lib/rack/runtime.rb:17:in `call'
  activesupport (4.0.8) lib/active_support/cache/strategy/local_cache.rb:83:in `call'
  rack (1.5.2) lib/rack/lock.rb:17:in `call'
  actionpack (4.0.8) lib/action_dispatch/middleware/static.rb:64:in `call'
  rack (1.5.2) lib/rack/sendfile.rb:112:in `call'
  railties (4.0.8) lib/rails/engine.rb:511:in `call'
  railties (4.0.8) lib/rails/application.rb:97:in `call'
  rack (1.5.2) lib/rack/lock.rb:17:in `call'
  rack (1.5.2) lib/rack/content_length.rb:14:in `call'
  rack (1.5.2) lib/rack/handler/webrick.rb:60:in `service'
  /home/gunnalar/.rvm/rubies/ruby-2.0.0-p481/lib/ruby/2.0.0/webrick/httpserver.rb:138:in `service'
  /home/gunnalar/.rvm/rubies/ruby-2.0.0-p481/lib/ruby/2.0.0/webrick/httpserver.rb:94:in `run'
  /home/gunnalar/.rvm/rubies/ruby-2.0.0-p481/lib/ruby/2.0.0/webrick/server.rb:295:in `block in start_thread'


  Rendered /home/gunnalar/.rvm/gems/ruby-2.0.0-p481@railstutorial_rails_4_0/gems/actionpack-4.0.8/lib/action_dispatch/middleware/templates/rescues/_source.erb (0.9ms)
  Rendered /home/gunnalar/.rvm/gems/ruby-2.0.0-p481@railstutorial_rails_4_0/gems/actionpack-4.0.8/lib/action_dispatch/middleware/templates/rescues/_trace.erb (4.4ms)
  Rendered /home/gunnalar/.rvm/gems/ruby-2.0.0-p481@railstutorial_rails_4_0/gems/actionpack-4.0.8/lib/action_dispatch/middleware/templates/rescues/_request_and_response.erb (1.4ms)
  Rendered /home/gunnalar/.rvm/gems/ruby-2.0.0-p481@railstutorial_rails_4_0/gems/actionpack-4.0.8/lib/action_dispatch/middleware/templates/rescues/diagnostics.erb within rescues/layout (79.2ms)


Started GET "/" for 127.0.0.1 at 2014-10-06 08:05:12 -0300

PG::ConnectionBad (FATAL:  Peer authentication failed for user "LyricsFromHell"
):
  activerecord (4.0.8) lib/active_record/connection_adapters/postgresql_adapter.rb:855:in `initialize'
  activerecord (4.0.8) lib/active_record/connection_adapters/postgresql_adapter.rb:855:in `new'
  activerecord (4.0.8) lib/active_record/connection_adapters/postgresql_adapter.rb:855:in `connect'
  activerecord (4.0.8) lib/active_record/connection_adapters/postgresql_adapter.rb:556:in `initialize'
  activerecord (4.0.8) lib/active_record/connection_adapters/postgresql_adapter.rb:41:in `new'
  activerecord (4.0.8) lib/active_record/connection_adapters/postgresql_adapter.rb:41:in `postgresql_connection'
  activerecord (4.0.8) lib/active_record/connection_adapters/abstract/connection_pool.rb:440:in `new_connection'
  activerecord (4.0.8) lib/active_record/connection_adapters/abstract/connection_pool.rb:450:in `checkout_new_connection'
  activerecord (4.0.8) lib/active_record/connection_adapters/abstract/connection_pool.rb:421:in `acquire_connection'
  activerecord (4.0.8) lib/active_record/connection_adapters/abstract/connection_pool.rb:356:in `block in checkout'
  /home/gunnalar/.rvm/rubies/ruby-2.0.0-p481/lib/ruby/2.0.0/monitor.rb:211:in `mon_synchronize'
  activerecord (4.0.8) lib/active_record/connection_adapters/abstract/connection_pool.rb:355:in `checkout'
  activerecord (4.0.8) lib/active_record/connection_adapters/abstract/connection_pool.rb:265:in `block in connection'
  /home/gunnalar/.rvm/rubies/ruby-2.0.0-p481/lib/ruby/2.0.0/monitor.rb:211:in `mon_synchronize'
  activerecord (4.0.8) lib/active_record/connection_adapters/abstract/connection_pool.rb:264:in `connection'
  activerecord (4.0.8) lib/active_record/connection_adapters/abstract/connection_pool.rb:546:in `retrieve_connection'
  activerecord (4.0.8) lib/active_record/connection_handling.rb:79:in `retrieve_connection'
  activerecord (4.0.8) lib/active_record/connection_handling.rb:53:in `connection'
  activerecord (4.0.8) lib/active_record/migration.rb:796:in `current_version'
  activerecord (4.0.8) lib/active_record/migration.rb:804:in `needs_migration?'
  activerecord (4.0.8) lib/active_record/migration.rb:383:in `check_pending!'
  activerecord (4.0.8) lib/active_record/migration.rb:370:in `call'
  actionpack (4.0.8) lib/action_dispatch/middleware/callbacks.rb:29:in `block in call'
  activesupport (4.0.8) lib/active_support/callbacks.rb:373:in `_run__2428426816821736834__call__callbacks'
  activesupport (4.0.8) lib/active_support/callbacks.rb:80:in `run_callbacks'
  actionpack (4.0.8) lib/action_dispatch/middleware/callbacks.rb:27:in `call'
  actionpack (4.0.8) lib/action_dispatch/middleware/reloader.rb:64:in `call'
  actionpack (4.0.8) lib/action_dispatch/middleware/remote_ip.rb:76:in `call'
  actionpack (4.0.8) lib/action_dispatch/middleware/debug_exceptions.rb:17:in `call'
  actionpack (4.0.8) lib/action_dispatch/middleware/show_exceptions.rb:30:in `call'
  railties (4.0.8) lib/rails/rack/logger.rb:38:in `call_app'
  railties (4.0.8) lib/rails/rack/logger.rb:20:in `block in call'
  activesupport (4.0.8) lib/active_support/tagged_logging.rb:68:in `block in tagged'
  activesupport (4.0.8) lib/active_support/tagged_logging.rb:26:in `tagged'
  activesupport (4.0.8) lib/active_support/tagged_logging.rb:68:in `tagged'
  railties (4.0.8) lib/rails/rack/logger.rb:20:in `call'
  actionpack (4.0.8) lib/action_dispatch/middleware/request_id.rb:21:in `call'
  rack (1.5.2) lib/rack/methodoverride.rb:21:in `call'
  rack (1.5.2) lib/rack/runtime.rb:17:in `call'
  activesupport (4.0.8) lib/active_support/cache/strategy/local_cache.rb:83:in `call'
  rack (1.5.2) lib/rack/lock.rb:17:in `call'
  actionpack (4.0.8) lib/action_dispatch/middleware/static.rb:64:in `call'
  rack (1.5.2) lib/rack/sendfile.rb:112:in `call'
  railties (4.0.8) lib/rails/engine.rb:511:in `call'
  railties (4.0.8) lib/rails/application.rb:97:in `call'
  rack (1.5.2) lib/rack/lock.rb:17:in `call'
  rack (1.5.2) lib/rack/content_length.rb:14:in `call'
  rack (1.5.2) lib/rack/handler/webrick.rb:60:in `service'
  /home/gunnalar/.rvm/rubies/ruby-2.0.0-p481/lib/ruby/2.0.0/webrick/httpserver.rb:138:in `service'
  /home/gunnalar/.rvm/rubies/ruby-2.0.0-p481/lib/ruby/2.0.0/webrick/httpserver.rb:94:in `run'
  /home/gunnalar/.rvm/rubies/ruby-2.0.0-p481/lib/ruby/2.0.0/webrick/server.rb:295:in `block in start_thread'


  Rendered /home/gunnalar/.rvm/gems/ruby-2.0.0-p481@railstutorial_rails_4_0/gems/actionpack-4.0.8/lib/action_dispatch/middleware/templates/rescues/_source.erb (1.6ms)
  Rendered /home/gunnalar/.rvm/gems/ruby-2.0.0-p481@railstutorial_rails_4_0/gems/actionpack-4.0.8/lib/action_dispatch/middleware/templates/rescues/_trace.erb (1.9ms)
  Rendered /home/gunnalar/.rvm/gems/ruby-2.0.0-p481@railstutorial_rails_4_0/gems/actionpack-4.0.8/lib/action_dispatch/middleware/templates/rescues/_request_and_response.erb (1.7ms)
  Rendered /home/gunnalar/.rvm/gems/ruby-2.0.0-p481@railstutorial_rails_4_0/gems/actionpack-4.0.8/lib/action_dispatch/middleware/templates/rescues/diagnostics.erb within rescues/layout (22.9ms)


Started GET "/" for 127.0.0.1 at 2014-10-06 08:05:48 -0300

PG::ConnectionBad (FATAL:  Peer authentication failed for user "LyricsFromHell"
):
  activerecord (4.0.8) lib/active_record/connection_adapters/postgresql_adapter.rb:855:in `initialize'
  activerecord (4.0.8) lib/active_record/connection_adapters/postgresql_adapter.rb:855:in `new'
  activerecord (4.0.8) lib/active_record/connection_adapters/postgresql_adapter.rb:855:in `connect'
  activerecord (4.0.8) lib/active_record/connection_adapters/postgresql_adapter.rb:556:in `initialize'
  activerecord (4.0.8) lib/active_record/connection_adapters/postgresql_adapter.rb:41:in `new'
  activerecord (4.0.8) lib/active_record/connection_adapters/postgresql_adapter.rb:41:in `postgresql_connection'
  activerecord (4.0.8) lib/active_record/connection_adapters/abstract/connection_pool.rb:440:in `new_connection'
  activerecord (4.0.8) lib/active_record/connection_adapters/abstract/connection_pool.rb:450:in `checkout_new_connection'
  activerecord (4.0.8) lib/active_record/connection_adapters/abstract/connection_pool.rb:421:in `acquire_connection'
  activerecord (4.0.8) lib/active_record/connection_adapters/abstract/connection_pool.rb:356:in `block in checkout'
  /home/gunnalar/.rvm/rubies/ruby-2.0.0-p481/lib/ruby/2.0.0/monitor.rb:211:in `mon_synchronize'
  activerecord (4.0.8) lib/active_record/connection_adapters/abstract/connection_pool.rb:355:in `checkout'
  activerecord (4.0.8) lib/active_record/connection_adapters/abstract/connection_pool.rb:265:in `block in connection'
  /home/gunnalar/.rvm/rubies/ruby-2.0.0-p481/lib/ruby/2.0.0/monitor.rb:211:in `mon_synchronize'
  activerecord (4.0.8) lib/active_record/connection_adapters/abstract/connection_pool.rb:264:in `connection'
  activerecord (4.0.8) lib/active_record/connection_adapters/abstract/connection_pool.rb:546:in `retrieve_connection'
  activerecord (4.0.8) lib/active_record/connection_handling.rb:79:in `retrieve_connection'
  activerecord (4.0.8) lib/active_record/connection_handling.rb:53:in `connection'
  activerecord (4.0.8) lib/active_record/migration.rb:796:in `current_version'
  activerecord (4.0.8) lib/active_record/migration.rb:804:in `needs_migration?'
  activerecord (4.0.8) lib/active_record/migration.rb:383:in `check_pending!'
  activerecord (4.0.8) lib/active_record/migration.rb:370:in `call'
  actionpack (4.0.8) lib/action_dispatch/middleware/callbacks.rb:29:in `block in call'
  activesupport (4.0.8) lib/active_support/callbacks.rb:373:in `_run__1916551720945565532__call__callbacks'
  activesupport (4.0.8) lib/active_support/callbacks.rb:80:in `run_callbacks'
  actionpack (4.0.8) lib/action_dispatch/middleware/callbacks.rb:27:in `call'
  actionpack (4.0.8) lib/action_dispatch/middleware/reloader.rb:64:in `call'
  actionpack (4.0.8) lib/action_dispatch/middleware/remote_ip.rb:76:in `call'
  actionpack (4.0.8) lib/action_dispatch/middleware/debug_exceptions.rb:17:in `call'
  actionpack (4.0.8) lib/action_dispatch/middleware/show_exceptions.rb:30:in `call'
  railties (4.0.8) lib/rails/rack/logger.rb:38:in `call_app'
  railties (4.0.8) lib/rails/rack/logger.rb:20:in `block in call'
  activesupport (4.0.8) lib/active_support/tagged_logging.rb:68:in `block in tagged'
  activesupport (4.0.8) lib/active_support/tagged_logging.rb:26:in `tagged'
  activesupport (4.0.8) lib/active_support/tagged_logging.rb:68:in `tagged'
  railties (4.0.8) lib/rails/rack/logger.rb:20:in `call'
  actionpack (4.0.8) lib/action_dispatch/middleware/request_id.rb:21:in `call'
  rack (1.5.2) lib/rack/methodoverride.rb:21:in `call'
  rack (1.5.2) lib/rack/runtime.rb:17:in `call'
  activesupport (4.0.8) lib/active_support/cache/strategy/local_cache.rb:83:in `call'
  rack (1.5.2) lib/rack/lock.rb:17:in `call'
  actionpack (4.0.8) lib/action_dispatch/middleware/static.rb:64:in `call'
  rack (1.5.2) lib/rack/sendfile.rb:112:in `call'
  railties (4.0.8) lib/rails/engine.rb:511:in `call'
  railties (4.0.8) lib/rails/application.rb:97:in `call'
  rack (1.5.2) lib/rack/lock.rb:17:in `call'
  rack (1.5.2) lib/rack/content_length.rb:14:in `call'
  rack (1.5.2) lib/rack/handler/webrick.rb:60:in `service'
  /home/gunnalar/.rvm/rubies/ruby-2.0.0-p481/lib/ruby/2.0.0/webrick/httpserver.rb:138:in `service'
  /home/gunnalar/.rvm/rubies/ruby-2.0.0-p481/lib/ruby/2.0.0/webrick/httpserver.rb:94:in `run'
  /home/gunnalar/.rvm/rubies/ruby-2.0.0-p481/lib/ruby/2.0.0/webrick/server.rb:295:in `block in start_thread'


  Rendered /home/gunnalar/.rvm/gems/ruby-2.0.0-p481@railstutorial_rails_4_0/gems/actionpack-4.0.8/lib/action_dispatch/middleware/templates/rescues/_source.erb (1.1ms)
  Rendered /home/gunnalar/.rvm/gems/ruby-2.0.0-p481@railstutorial_rails_4_0/gems/actionpack-4.0.8/lib/action_dispatch/middleware/templates/rescues/_trace.erb (1.7ms)
  Rendered /home/gunnalar/.rvm/gems/ruby-2.0.0-p481@railstutorial_rails_4_0/gems/actionpack-4.0.8/lib/action_dispatch/middleware/templates/rescues/_request_and_response.erb (1.4ms)
  Rendered /home/gunnalar/.rvm/gems/ruby-2.0.0-p481@railstutorial_rails_4_0/gems/actionpack-4.0.8/lib/action_dispatch/middleware/templates/rescues/diagnostics.erb within rescues/layout (20.7ms)


Started GET "/" for 127.0.0.1 at 2014-10-06 08:05:53 -0300

PG::ConnectionBad (FATAL:  Peer authentication failed for user "LyricsFromHell"
):
  activerecord (4.0.8) lib/active_record/connection_adapters/postgresql_adapter.rb:855:in `initialize'
  activerecord (4.0.8) lib/active_record/connection_adapters/postgresql_adapter.rb:855:in `new'
  activerecord (4.0.8) lib/active_record/connection_adapters/postgresql_adapter.rb:855:in `connect'
  activerecord (4.0.8) lib/active_record/connection_adapters/postgresql_adapter.rb:556:in `initialize'
  activerecord (4.0.8) lib/active_record/connection_adapters/postgresql_adapter.rb:41:in `new'
  activerecord (4.0.8) lib/active_record/connection_adapters/postgresql_adapter.rb:41:in `postgresql_connection'
  activerecord (4.0.8) lib/active_record/connection_adapters/abstract/connection_pool.rb:440:in `new_connection'
  activerecord (4.0.8) lib/active_record/connection_adapters/abstract/connection_pool.rb:450:in `checkout_new_connection'
  activerecord (4.0.8) lib/active_record/connection_adapters/abstract/connection_pool.rb:421:in `acquire_connection'
  activerecord (4.0.8) lib/active_record/connection_adapters/abstract/connection_pool.rb:356:in `block in checkout'
  /home/gunnalar/.rvm/rubies/ruby-2.0.0-p481/lib/ruby/2.0.0/monitor.rb:211:in `mon_synchronize'
  activerecord (4.0.8) lib/active_record/connection_adapters/abstract/connection_pool.rb:355:in `checkout'
  activerecord (4.0.8) lib/active_record/connection_adapters/abstract/connection_pool.rb:265:in `block in connection'
  /home/gunnalar/.rvm/rubies/ruby-2.0.0-p481/lib/ruby/2.0.0/monitor.rb:211:in `mon_synchronize'
  activerecord (4.0.8) lib/active_record/connection_adapters/abstract/connection_pool.rb:264:in `connection'
  activerecord (4.0.8) lib/active_record/connection_adapters/abstract/connection_pool.rb:546:in `retrieve_connection'
  activerecord (4.0.8) lib/active_record/connection_handling.rb:79:in `retrieve_connection'
  activerecord (4.0.8) lib/active_record/connection_handling.rb:53:in `connection'
  activerecord (4.0.8) lib/active_record/migration.rb:796:in `current_version'
  activerecord (4.0.8) lib/active_record/migration.rb:804:in `needs_migration?'
  activerecord (4.0.8) lib/active_record/migration.rb:383:in `check_pending!'
  activerecord (4.0.8) lib/active_record/migration.rb:370:in `call'
  actionpack (4.0.8) lib/action_dispatch/middleware/callbacks.rb:29:in `block in call'
  activesupport (4.0.8) lib/active_support/callbacks.rb:373:in `_run__1916551720945565532__call__callbacks'
  activesupport (4.0.8) lib/active_support/callbacks.rb:80:in `run_callbacks'
  actionpack (4.0.8) lib/action_dispatch/middleware/callbacks.rb:27:in `call'
  actionpack (4.0.8) lib/action_dispatch/middleware/reloader.rb:64:in `call'
  actionpack (4.0.8) lib/action_dispatch/middleware/remote_ip.rb:76:in `call'
  actionpack (4.0.8) lib/action_dispatch/middleware/debug_exceptions.rb:17:in `call'
  actionpack (4.0.8) lib/action_dispatch/middleware/show_exceptions.rb:30:in `call'
  railties (4.0.8) lib/rails/rack/logger.rb:38:in `call_app'
  railties (4.0.8) lib/rails/rack/logger.rb:20:in `block in call'
  activesupport (4.0.8) lib/active_support/tagged_logging.rb:68:in `block in tagged'
  activesupport (4.0.8) lib/active_support/tagged_logging.rb:26:in `tagged'
  activesupport (4.0.8) lib/active_support/tagged_logging.rb:68:in `tagged'
  railties (4.0.8) lib/rails/rack/logger.rb:20:in `call'
  actionpack (4.0.8) lib/action_dispatch/middleware/request_id.rb:21:in `call'
  rack (1.5.2) lib/rack/methodoverride.rb:21:in `call'
  rack (1.5.2) lib/rack/runtime.rb:17:in `call'
  activesupport (4.0.8) lib/active_support/cache/strategy/local_cache.rb:83:in `call'
  rack (1.5.2) lib/rack/lock.rb:17:in `call'
  actionpack (4.0.8) lib/action_dispatch/middleware/static.rb:64:in `call'
  rack (1.5.2) lib/rack/sendfile.rb:112:in `call'
  railties (4.0.8) lib/rails/engine.rb:511:in `call'
  railties (4.0.8) lib/rails/application.rb:97:in `call'
  rack (1.5.2) lib/rack/lock.rb:17:in `call'
  rack (1.5.2) lib/rack/content_length.rb:14:in `call'
  rack (1.5.2) lib/rack/handler/webrick.rb:60:in `service'
  /home/gunnalar/.rvm/rubies/ruby-2.0.0-p481/lib/ruby/2.0.0/webrick/httpserver.rb:138:in `service'
  /home/gunnalar/.rvm/rubies/ruby-2.0.0-p481/lib/ruby/2.0.0/webrick/httpserver.rb:94:in `run'
  /home/gunnalar/.rvm/rubies/ruby-2.0.0-p481/lib/ruby/2.0.0/webrick/server.rb:295:in `block in start_thread'


  Rendered /home/gunnalar/.rvm/gems/ruby-2.0.0-p481@railstutorial_rails_4_0/gems/actionpack-4.0.8/lib/action_dispatch/middleware/templates/rescues/_source.erb (1.0ms)
  Rendered /home/gunnalar/.rvm/gems/ruby-2.0.0-p481@railstutorial_rails_4_0/gems/actionpack-4.0.8/lib/action_dispatch/middleware/templates/rescues/_trace.erb (2.2ms)
  Rendered /home/gunnalar/.rvm/gems/ruby-2.0.0-p481@railstutorial_rails_4_0/gems/actionpack-4.0.8/lib/action_dispatch/middleware/templates/rescues/_request_and_response.erb (1.4ms)
  Rendered /home/gunnalar/.rvm/gems/ruby-2.0.0-p481@railstutorial_rails_4_0/gems/actionpack-4.0.8/lib/action_dispatch/middleware/templates/rescues/diagnostics.erb within rescues/layout (20.4ms)


Started GET "/" for 127.0.0.1 at 2014-10-06 08:10:28 -0300

PG::ConnectionBad (FATAL:  Peer authentication failed for user "LyricsFromHell"
):
  activerecord (4.0.8) lib/active_record/connection_adapters/postgresql_adapter.rb:855:in `initialize'
  activerecord (4.0.8) lib/active_record/connection_adapters/postgresql_adapter.rb:855:in `new'
  activerecord (4.0.8) lib/active_record/connection_adapters/postgresql_adapter.rb:855:in `connect'
  activerecord (4.0.8) lib/active_record/connection_adapters/postgresql_adapter.rb:556:in `initialize'
  activerecord (4.0.8) lib/active_record/connection_adapters/postgresql_adapter.rb:41:in `new'
  activerecord (4.0.8) lib/active_record/connection_adapters/postgresql_adapter.rb:41:in `postgresql_connection'
  activerecord (4.0.8) lib/active_record/connection_adapters/abstract/connection_pool.rb:440:in `new_connection'
  activerecord (4.0.8) lib/active_record/connection_adapters/abstract/connection_pool.rb:450:in `checkout_new_connection'
  activerecord (4.0.8) lib/active_record/connection_adapters/abstract/connection_pool.rb:421:in `acquire_connection'
  activerecord (4.0.8) lib/active_record/connection_adapters/abstract/connection_pool.rb:356:in `block in checkout'
  /home/gunnalar/.rvm/rubies/ruby-2.0.0-p481/lib/ruby/2.0.0/monitor.rb:211:in `mon_synchronize'
  activerecord (4.0.8) lib/active_record/connection_adapters/abstract/connection_pool.rb:355:in `checkout'
  activerecord (4.0.8) lib/active_record/connection_adapters/abstract/connection_pool.rb:265:in `block in connection'
  /home/gunnalar/.rvm/rubies/ruby-2.0.0-p481/lib/ruby/2.0.0/monitor.rb:211:in `mon_synchronize'
  activerecord (4.0.8) lib/active_record/connection_adapters/abstract/connection_pool.rb:264:in `connection'
  activerecord (4.0.8) lib/active_record/connection_adapters/abstract/connection_pool.rb:546:in `retrieve_connection'
  activerecord (4.0.8) lib/active_record/connection_handling.rb:79:in `retrieve_connection'
  activerecord (4.0.8) lib/active_record/connection_handling.rb:53:in `connection'
  activerecord (4.0.8) lib/active_record/migration.rb:796:in `current_version'
  activerecord (4.0.8) lib/active_record/migration.rb:804:in `needs_migration?'
  activerecord (4.0.8) lib/active_record/migration.rb:383:in `check_pending!'
  activerecord (4.0.8) lib/active_record/migration.rb:370:in `call'
  actionpack (4.0.8) lib/action_dispatch/middleware/callbacks.rb:29:in `block in call'
  activesupport (4.0.8) lib/active_support/callbacks.rb:373:in `_run__1916551720945565532__call__callbacks'
  activesupport (4.0.8) lib/active_support/callbacks.rb:80:in `run_callbacks'
  actionpack (4.0.8) lib/action_dispatch/middleware/callbacks.rb:27:in `call'
  actionpack (4.0.8) lib/action_dispatch/middleware/reloader.rb:64:in `call'
  actionpack (4.0.8) lib/action_dispatch/middleware/remote_ip.rb:76:in `call'
  actionpack (4.0.8) lib/action_dispatch/middleware/debug_exceptions.rb:17:in `call'
  actionpack (4.0.8) lib/action_dispatch/middleware/show_exceptions.rb:30:in `call'
  railties (4.0.8) lib/rails/rack/logger.rb:38:in `call_app'
  railties (4.0.8) lib/rails/rack/logger.rb:20:in `block in call'
  activesupport (4.0.8) lib/active_support/tagged_logging.rb:68:in `block in tagged'
  activesupport (4.0.8) lib/active_support/tagged_logging.rb:26:in `tagged'
  activesupport (4.0.8) lib/active_support/tagged_logging.rb:68:in `tagged'
  railties (4.0.8) lib/rails/rack/logger.rb:20:in `call'
  actionpack (4.0.8) lib/action_dispatch/middleware/request_id.rb:21:in `call'
  rack (1.5.2) lib/rack/methodoverride.rb:21:in `call'
  rack (1.5.2) lib/rack/runtime.rb:17:in `call'
  activesupport (4.0.8) lib/active_support/cache/strategy/local_cache.rb:83:in `call'
  rack (1.5.2) lib/rack/lock.rb:17:in `call'
  actionpack (4.0.8) lib/action_dispatch/middleware/static.rb:64:in `call'
  rack (1.5.2) lib/rack/sendfile.rb:112:in `call'
  railties (4.0.8) lib/rails/engine.rb:511:in `call'
  railties (4.0.8) lib/rails/application.rb:97:in `call'
  rack (1.5.2) lib/rack/lock.rb:17:in `call'
  rack (1.5.2) lib/rack/content_length.rb:14:in `call'
  rack (1.5.2) lib/rack/handler/webrick.rb:60:in `service'
  /home/gunnalar/.rvm/rubies/ruby-2.0.0-p481/lib/ruby/2.0.0/webrick/httpserver.rb:138:in `service'
  /home/gunnalar/.rvm/rubies/ruby-2.0.0-p481/lib/ruby/2.0.0/webrick/httpserver.rb:94:in `run'
  /home/gunnalar/.rvm/rubies/ruby-2.0.0-p481/lib/ruby/2.0.0/webrick/server.rb:295:in `block in start_thread'


  Rendered /home/gunnalar/.rvm/gems/ruby-2.0.0-p481@railstutorial_rails_4_0/gems/actionpack-4.0.8/lib/action_dispatch/middleware/templates/rescues/_source.erb (1.0ms)
  Rendered /home/gunnalar/.rvm/gems/ruby-2.0.0-p481@railstutorial_rails_4_0/gems/actionpack-4.0.8/lib/action_dispatch/middleware/templates/rescues/_trace.erb (2.0ms)
  Rendered /home/gunnalar/.rvm/gems/ruby-2.0.0-p481@railstutorial_rails_4_0/gems/actionpack-4.0.8/lib/action_dispatch/middleware/templates/rescues/_request_and_response.erb (4.3ms)
  Rendered /home/gunnalar/.rvm/gems/ruby-2.0.0-p481@railstutorial_rails_4_0/gems/actionpack-4.0.8/lib/action_dispatch/middleware/templates/rescues/diagnostics.erb within rescues/layout (42.1ms)


Started GET "/" for 127.0.0.1 at 2014-10-06 08:10:32 -0300

PG::ConnectionBad (FATAL:  Peer authentication failed for user "LyricsFromHell"
):
  activerecord (4.0.8) lib/active_record/connection_adapters/postgresql_adapter.rb:855:in `initialize'
  activerecord (4.0.8) lib/active_record/connection_adapters/postgresql_adapter.rb:855:in `new'
  activerecord (4.0.8) lib/active_record/connection_adapters/postgresql_adapter.rb:855:in `connect'
  activerecord (4.0.8) lib/active_record/connection_adapters/postgresql_adapter.rb:556:in `initialize'
  activerecord (4.0.8) lib/active_record/connection_adapters/postgresql_adapter.rb:41:in `new'
  activerecord (4.0.8) lib/active_record/connection_adapters/postgresql_adapter.rb:41:in `postgresql_connection'
  activerecord (4.0.8) lib/active_record/connection_adapters/abstract/connection_pool.rb:440:in `new_connection'
  activerecord (4.0.8) lib/active_record/connection_adapters/abstract/connection_pool.rb:450:in `checkout_new_connection'
  activerecord (4.0.8) lib/active_record/connection_adapters/abstract/connection_pool.rb:421:in `acquire_connection'
  activerecord (4.0.8) lib/active_record/connection_adapters/abstract/connection_pool.rb:356:in `block in checkout'
  /home/gunnalar/.rvm/rubies/ruby-2.0.0-p481/lib/ruby/2.0.0/monitor.rb:211:in `mon_synchronize'
  activerecord (4.0.8) lib/active_record/connection_adapters/abstract/connection_pool.rb:355:in `checkout'
  activerecord (4.0.8) lib/active_record/connection_adapters/abstract/connection_pool.rb:265:in `block in connection'
  /home/gunnalar/.rvm/rubies/ruby-2.0.0-p481/lib/ruby/2.0.0/monitor.rb:211:in `mon_synchronize'
  activerecord (4.0.8) lib/active_record/connection_adapters/abstract/connection_pool.rb:264:in `connection'
  activerecord (4.0.8) lib/active_record/connection_adapters/abstract/connection_pool.rb:546:in `retrieve_connection'
  activerecord (4.0.8) lib/active_record/connection_handling.rb:79:in `retrieve_connection'
  activerecord (4.0.8) lib/active_record/connection_handling.rb:53:in `connection'
  activerecord (4.0.8) lib/active_record/migration.rb:796:in `current_version'
  activerecord (4.0.8) lib/active_record/migration.rb:804:in `needs_migration?'
  activerecord (4.0.8) lib/active_record/migration.rb:383:in `check_pending!'
  activerecord (4.0.8) lib/active_record/migration.rb:370:in `call'
  actionpack (4.0.8) lib/action_dispatch/middleware/callbacks.rb:29:in `block in call'
  activesupport (4.0.8) lib/active_support/callbacks.rb:373:in `_run__1916551720945565532__call__callbacks'
  activesupport (4.0.8) lib/active_support/callbacks.rb:80:in `run_callbacks'
  actionpack (4.0.8) lib/action_dispatch/middleware/callbacks.rb:27:in `call'
  actionpack (4.0.8) lib/action_dispatch/middleware/reloader.rb:64:in `call'
  actionpack (4.0.8) lib/action_dispatch/middleware/remote_ip.rb:76:in `call'
  actionpack (4.0.8) lib/action_dispatch/middleware/debug_exceptions.rb:17:in `call'
  actionpack (4.0.8) lib/action_dispatch/middleware/show_exceptions.rb:30:in `call'
  railties (4.0.8) lib/rails/rack/logger.rb:38:in `call_app'
  railties (4.0.8) lib/rails/rack/logger.rb:20:in `block in call'
  activesupport (4.0.8) lib/active_support/tagged_logging.rb:68:in `block in tagged'
  activesupport (4.0.8) lib/active_support/tagged_logging.rb:26:in `tagged'
  activesupport (4.0.8) lib/active_support/tagged_logging.rb:68:in `tagged'
  railties (4.0.8) lib/rails/rack/logger.rb:20:in `call'
  actionpack (4.0.8) lib/action_dispatch/middleware/request_id.rb:21:in `call'
  rack (1.5.2) lib/rack/methodoverride.rb:21:in `call'
  rack (1.5.2) lib/rack/runtime.rb:17:in `call'
  activesupport (4.0.8) lib/active_support/cache/strategy/local_cache.rb:83:in `call'
  rack (1.5.2) lib/rack/lock.rb:17:in `call'
  actionpack (4.0.8) lib/action_dispatch/middleware/static.rb:64:in `call'
  rack (1.5.2) lib/rack/sendfile.rb:112:in `call'
  railties (4.0.8) lib/rails/engine.rb:511:in `call'
  railties (4.0.8) lib/rails/application.rb:97:in `call'
  rack (1.5.2) lib/rack/lock.rb:17:in `call'
  rack (1.5.2) lib/rack/content_length.rb:14:in `call'
  rack (1.5.2) lib/rack/handler/webrick.rb:60:in `service'
  /home/gunnalar/.rvm/rubies/ruby-2.0.0-p481/lib/ruby/2.0.0/webrick/httpserver.rb:138:in `service'
  /home/gunnalar/.rvm/rubies/ruby-2.0.0-p481/lib/ruby/2.0.0/webrick/httpserver.rb:94:in `run'
  /home/gunnalar/.rvm/rubies/ruby-2.0.0-p481/lib/ruby/2.0.0/webrick/server.rb:295:in `block in start_thread'


  Rendered /home/gunnalar/.rvm/gems/ruby-2.0.0-p481@railstutorial_rails_4_0/gems/actionpack-4.0.8/lib/action_dispatch/middleware/templates/rescues/_source.erb (1.0ms)
  Rendered /home/gunnalar/.rvm/gems/ruby-2.0.0-p481@railstutorial_rails_4_0/gems/actionpack-4.0.8/lib/action_dispatch/middleware/templates/rescues/_trace.erb (1.9ms)
  Rendered /home/gunnalar/.rvm/gems/ruby-2.0.0-p481@railstutorial_rails_4_0/gems/actionpack-4.0.8/lib/action_dispatch/middleware/templates/rescues/_request_and_response.erb (1.5ms)
  Rendered /home/gunnalar/.rvm/gems/ruby-2.0.0-p481@railstutorial_rails_4_0/gems/actionpack-4.0.8/lib/action_dispatch/middleware/templates/rescues/diagnostics.erb within rescues/layout (26.4ms)


Started GET "/" for 127.0.0.1 at 2014-10-06 08:13:11 -0300

PG::ConnectionBad (FATAL:  Peer authentication failed for user "LyricsFromHell"
):
  activerecord (4.0.8) lib/active_record/connection_adapters/postgresql_adapter.rb:855:in `initialize'
  activerecord (4.0.8) lib/active_record/connection_adapters/postgresql_adapter.rb:855:in `new'
  activerecord (4.0.8) lib/active_record/connection_adapters/postgresql_adapter.rb:855:in `connect'
  activerecord (4.0.8) lib/active_record/connection_adapters/postgresql_adapter.rb:556:in `initialize'
  activerecord (4.0.8) lib/active_record/connection_adapters/postgresql_adapter.rb:41:in `new'
  activerecord (4.0.8) lib/active_record/connection_adapters/postgresql_adapter.rb:41:in `postgresql_connection'
  activerecord (4.0.8) lib/active_record/connection_adapters/abstract/connection_pool.rb:440:in `new_connection'
  activerecord (4.0.8) lib/active_record/connection_adapters/abstract/connection_pool.rb:450:in `checkout_new_connection'
  activerecord (4.0.8) lib/active_record/connection_adapters/abstract/connection_pool.rb:421:in `acquire_connection'
  activerecord (4.0.8) lib/active_record/connection_adapters/abstract/connection_pool.rb:356:in `block in checkout'
  /home/gunnalar/.rvm/rubies/ruby-2.0.0-p481/lib/ruby/2.0.0/monitor.rb:211:in `mon_synchronize'
  activerecord (4.0.8) lib/active_record/connection_adapters/abstract/connection_pool.rb:355:in `checkout'
  activerecord (4.0.8) lib/active_record/connection_adapters/abstract/connection_pool.rb:265:in `block in connection'
  /home/gunnalar/.rvm/rubies/ruby-2.0.0-p481/lib/ruby/2.0.0/monitor.rb:211:in `mon_synchronize'
  activerecord (4.0.8) lib/active_record/connection_adapters/abstract/connection_pool.rb:264:in `connection'
  activerecord (4.0.8) lib/active_record/connection_adapters/abstract/connection_pool.rb:546:in `retrieve_connection'
  activerecord (4.0.8) lib/active_record/connection_handling.rb:79:in `retrieve_connection'
  activerecord (4.0.8) lib/active_record/connection_handling.rb:53:in `connection'
  activerecord (4.0.8) lib/active_record/migration.rb:796:in `current_version'
  activerecord (4.0.8) lib/active_record/migration.rb:804:in `needs_migration?'
  activerecord (4.0.8) lib/active_record/migration.rb:383:in `check_pending!'
  activerecord (4.0.8) lib/active_record/migration.rb:370:in `call'
  actionpack (4.0.8) lib/action_dispatch/middleware/callbacks.rb:29:in `block in call'
  activesupport (4.0.8) lib/active_support/callbacks.rb:373:in `_run__1624023659784504124__call__callbacks'
  activesupport (4.0.8) lib/active_support/callbacks.rb:80:in `run_callbacks'
  actionpack (4.0.8) lib/action_dispatch/middleware/callbacks.rb:27:in `call'
  actionpack (4.0.8) lib/action_dispatch/middleware/reloader.rb:64:in `call'
  actionpack (4.0.8) lib/action_dispatch/middleware/remote_ip.rb:76:in `call'
  actionpack (4.0.8) lib/action_dispatch/middleware/debug_exceptions.rb:17:in `call'
  actionpack (4.0.8) lib/action_dispatch/middleware/show_exceptions.rb:30:in `call'
  railties (4.0.8) lib/rails/rack/logger.rb:38:in `call_app'
  railties (4.0.8) lib/rails/rack/logger.rb:20:in `block in call'
  activesupport (4.0.8) lib/active_support/tagged_logging.rb:68:in `block in tagged'
  activesupport (4.0.8) lib/active_support/tagged_logging.rb:26:in `tagged'
  activesupport (4.0.8) lib/active_support/tagged_logging.rb:68:in `tagged'
  railties (4.0.8) lib/rails/rack/logger.rb:20:in `call'
  actionpack (4.0.8) lib/action_dispatch/middleware/request_id.rb:21:in `call'
  rack (1.5.2) lib/rack/methodoverride.rb:21:in `call'
  rack (1.5.2) lib/rack/runtime.rb:17:in `call'
  activesupport (4.0.8) lib/active_support/cache/strategy/local_cache.rb:83:in `call'
  rack (1.5.2) lib/rack/lock.rb:17:in `call'
  actionpack (4.0.8) lib/action_dispatch/middleware/static.rb:64:in `call'
  rack (1.5.2) lib/rack/sendfile.rb:112:in `call'
  railties (4.0.8) lib/rails/engine.rb:511:in `call'
  railties (4.0.8) lib/rails/application.rb:97:in `call'
  rack (1.5.2) lib/rack/lock.rb:17:in `call'
  rack (1.5.2) lib/rack/content_length.rb:14:in `call'
  rack (1.5.2) lib/rack/handler/webrick.rb:60:in `service'
  /home/gunnalar/.rvm/rubies/ruby-2.0.0-p481/lib/ruby/2.0.0/webrick/httpserver.rb:138:in `service'
  /home/gunnalar/.rvm/rubies/ruby-2.0.0-p481/lib/ruby/2.0.0/webrick/httpserver.rb:94:in `run'
  /home/gunnalar/.rvm/rubies/ruby-2.0.0-p481/lib/ruby/2.0.0/webrick/server.rb:295:in `block in start_thread'


  Rendered /home/gunnalar/.rvm/gems/ruby-2.0.0-p481@railstutorial_rails_4_0/gems/actionpack-4.0.8/lib/action_dispatch/middleware/templates/rescues/_source.erb (1.1ms)
  Rendered /home/gunnalar/.rvm/gems/ruby-2.0.0-p481@railstutorial_rails_4_0/gems/actionpack-4.0.8/lib/action_dispatch/middleware/templates/rescues/_trace.erb (2.1ms)
  Rendered /home/gunnalar/.rvm/gems/ruby-2.0.0-p481@railstutorial_rails_4_0/gems/actionpack-4.0.8/lib/action_dispatch/middleware/templates/rescues/_request_and_response.erb (1.3ms)
  Rendered /home/gunnalar/.rvm/gems/ruby-2.0.0-p481@railstutorial_rails_4_0/gems/actionpack-4.0.8/lib/action_dispatch/middleware/templates/rescues/diagnostics.erb within rescues/layout (21.2ms)


Started GET "/" for 127.0.0.1 at 2014-10-06 08:14:07 -0300

PG::ConnectionBad (FATAL:  Peer authentication failed for user "LyricsFromHell"
):
  activerecord (4.0.8) lib/active_record/connection_adapters/postgresql_adapter.rb:855:in `initialize'
  activerecord (4.0.8) lib/active_record/connection_adapters/postgresql_adapter.rb:855:in `new'
  activerecord (4.0.8) lib/active_record/connection_adapters/postgresql_adapter.rb:855:in `connect'
  activerecord (4.0.8) lib/active_record/connection_adapters/postgresql_adapter.rb:556:in `initialize'
  activerecord (4.0.8) lib/active_record/connection_adapters/postgresql_adapter.rb:41:in `new'
  activerecord (4.0.8) lib/active_record/connection_adapters/postgresql_adapter.rb:41:in `postgresql_connection'
  activerecord (4.0.8) lib/active_record/connection_adapters/abstract/connection_pool.rb:440:in `new_connection'
  activerecord (4.0.8) lib/active_record/connection_adapters/abstract/connection_pool.rb:450:in `checkout_new_connection'
  activerecord (4.0.8) lib/active_record/connection_adapters/abstract/connection_pool.rb:421:in `acquire_connection'
  activerecord (4.0.8) lib/active_record/connection_adapters/abstract/connection_pool.rb:356:in `block in checkout'
  /home/gunnalar/.rvm/rubies/ruby-2.0.0-p481/lib/ruby/2.0.0/monitor.rb:211:in `mon_synchronize'
  activerecord (4.0.8) lib/active_record/connection_adapters/abstract/connection_pool.rb:355:in `checkout'
  activerecord (4.0.8) lib/active_record/connection_adapters/abstract/connection_pool.rb:265:in `block in connection'
  /home/gunnalar/.rvm/rubies/ruby-2.0.0-p481/lib/ruby/2.0.0/monitor.rb:211:in `mon_synchronize'
  activerecord (4.0.8) lib/active_record/connection_adapters/abstract/connection_pool.rb:264:in `connection'
  activerecord (4.0.8) lib/active_record/connection_adapters/abstract/connection_pool.rb:546:in `retrieve_connection'
  activerecord (4.0.8) lib/active_record/connection_handling.rb:79:in `retrieve_connection'
  activerecord (4.0.8) lib/active_record/connection_handling.rb:53:in `connection'
  activerecord (4.0.8) lib/active_record/migration.rb:796:in `current_version'
  activerecord (4.0.8) lib/active_record/migration.rb:804:in `needs_migration?'
  activerecord (4.0.8) lib/active_record/migration.rb:383:in `check_pending!'
  activerecord (4.0.8) lib/active_record/migration.rb:370:in `call'
  actionpack (4.0.8) lib/action_dispatch/middleware/callbacks.rb:29:in `block in call'
  activesupport (4.0.8) lib/active_support/callbacks.rb:373:in `_run__1624023659784504124__call__callbacks'
  activesupport (4.0.8) lib/active_support/callbacks.rb:80:in `run_callbacks'
  actionpack (4.0.8) lib/action_dispatch/middleware/callbacks.rb:27:in `call'
  actionpack (4.0.8) lib/action_dispatch/middleware/reloader.rb:64:in `call'
  actionpack (4.0.8) lib/action_dispatch/middleware/remote_ip.rb:76:in `call'
  actionpack (4.0.8) lib/action_dispatch/middleware/debug_exceptions.rb:17:in `call'
  actionpack (4.0.8) lib/action_dispatch/middleware/show_exceptions.rb:30:in `call'
  railties (4.0.8) lib/rails/rack/logger.rb:38:in `call_app'
  railties (4.0.8) lib/rails/rack/logger.rb:20:in `block in call'
  activesupport (4.0.8) lib/active_support/tagged_logging.rb:68:in `block in tagged'
  activesupport (4.0.8) lib/active_support/tagged_logging.rb:26:in `tagged'
  activesupport (4.0.8) lib/active_support/tagged_logging.rb:68:in `tagged'
  railties (4.0.8) lib/rails/rack/logger.rb:20:in `call'
  actionpack (4.0.8) lib/action_dispatch/middleware/request_id.rb:21:in `call'
  rack (1.5.2) lib/rack/methodoverride.rb:21:in `call'
  rack (1.5.2) lib/rack/runtime.rb:17:in `call'
  activesupport (4.0.8) lib/active_support/cache/strategy/local_cache.rb:83:in `call'
  rack (1.5.2) lib/rack/lock.rb:17:in `call'
  actionpack (4.0.8) lib/action_dispatch/middleware/static.rb:64:in `call'
  rack (1.5.2) lib/rack/sendfile.rb:112:in `call'
  railties (4.0.8) lib/rails/engine.rb:511:in `call'
  railties (4.0.8) lib/rails/application.rb:97:in `call'
  rack (1.5.2) lib/rack/lock.rb:17:in `call'
  rack (1.5.2) lib/rack/content_length.rb:14:in `call'
  rack (1.5.2) lib/rack/handler/webrick.rb:60:in `service'
  /home/gunnalar/.rvm/rubies/ruby-2.0.0-p481/lib/ruby/2.0.0/webrick/httpserver.rb:138:in `service'
  /home/gunnalar/.rvm/rubies/ruby-2.0.0-p481/lib/ruby/2.0.0/webrick/httpserver.rb:94:in `run'
  /home/gunnalar/.rvm/rubies/ruby-2.0.0-p481/lib/ruby/2.0.0/webrick/server.rb:295:in `block in start_thread'


  Rendered /home/gunnalar/.rvm/gems/ruby-2.0.0-p481@railstutorial_rails_4_0/gems/actionpack-4.0.8/lib/action_dispatch/middleware/templates/rescues/_source.erb (1.1ms)
  Rendered /home/gunnalar/.rvm/gems/ruby-2.0.0-p481@railstutorial_rails_4_0/gems/actionpack-4.0.8/lib/action_dispatch/middleware/templates/rescues/_trace.erb (2.1ms)
  Rendered /home/gunnalar/.rvm/gems/ruby-2.0.0-p481@railstutorial_rails_4_0/gems/actionpack-4.0.8/lib/action_dispatch/middleware/templates/rescues/_request_and_response.erb (1.8ms)
  Rendered /home/gunnalar/.rvm/gems/ruby-2.0.0-p481@railstutorial_rails_4_0/gems/actionpack-4.0.8/lib/action_dispatch/middleware/templates/rescues/diagnostics.erb within rescues/layout (21.7ms)


Started GET "/" for 127.0.0.1 at 2014-10-06 08:20:20 -0300

PG::ConnectionBad (FATAL:  Peer authentication failed for user "LyricsFromHell"
):
  activerecord (4.0.8) lib/active_record/connection_adapters/postgresql_adapter.rb:855:in `initialize'
  activerecord (4.0.8) lib/active_record/connection_adapters/postgresql_adapter.rb:855:in `new'
  activerecord (4.0.8) lib/active_record/connection_adapters/postgresql_adapter.rb:855:in `connect'
  activerecord (4.0.8) lib/active_record/connection_adapters/postgresql_adapter.rb:556:in `initialize'
  activerecord (4.0.8) lib/active_record/connection_adapters/postgresql_adapter.rb:41:in `new'
  activerecord (4.0.8) lib/active_record/connection_adapters/postgresql_adapter.rb:41:in `postgresql_connection'
  activerecord (4.0.8) lib/active_record/connection_adapters/abstract/connection_pool.rb:440:in `new_connection'
  activerecord (4.0.8) lib/active_record/connection_adapters/abstract/connection_pool.rb:450:in `checkout_new_connection'
  activerecord (4.0.8) lib/active_record/connection_adapters/abstract/connection_pool.rb:421:in `acquire_connection'
  activerecord (4.0.8) lib/active_record/connection_adapters/abstract/connection_pool.rb:356:in `block in checkout'
  /home/gunnalar/.rvm/rubies/ruby-2.0.0-p481/lib/ruby/2.0.0/monitor.rb:211:in `mon_synchronize'
  activerecord (4.0.8) lib/active_record/connection_adapters/abstract/connection_pool.rb:355:in `checkout'
  activerecord (4.0.8) lib/active_record/connection_adapters/abstract/connection_pool.rb:265:in `block in connection'
  /home/gunnalar/.rvm/rubies/ruby-2.0.0-p481/lib/ruby/2.0.0/monitor.rb:211:in `mon_synchronize'
  activerecord (4.0.8) lib/active_record/connection_adapters/abstract/connection_pool.rb:264:in `connection'
  activerecord (4.0.8) lib/active_record/connection_adapters/abstract/connection_pool.rb:546:in `retrieve_connection'
  activerecord (4.0.8) lib/active_record/connection_handling.rb:79:in `retrieve_connection'
  activerecord (4.0.8) lib/active_record/connection_handling.rb:53:in `connection'
  activerecord (4.0.8) lib/active_record/migration.rb:796:in `current_version'
  activerecord (4.0.8) lib/active_record/migration.rb:804:in `needs_migration?'
  activerecord (4.0.8) lib/active_record/migration.rb:383:in `check_pending!'
  activerecord (4.0.8) lib/active_record/migration.rb:370:in `call'
  actionpack (4.0.8) lib/action_dispatch/middleware/callbacks.rb:29:in `block in call'
  activesupport (4.0.8) lib/active_support/callbacks.rb:373:in `_run__594929704593948497__call__callbacks'
  activesupport (4.0.8) lib/active_support/callbacks.rb:80:in `run_callbacks'
  actionpack (4.0.8) lib/action_dispatch/middleware/callbacks.rb:27:in `call'
  actionpack (4.0.8) lib/action_dispatch/middleware/reloader.rb:64:in `call'
  actionpack (4.0.8) lib/action_dispatch/middleware/remote_ip.rb:76:in `call'
  actionpack (4.0.8) lib/action_dispatch/middleware/debug_exceptions.rb:17:in `call'
  actionpack (4.0.8) lib/action_dispatch/middleware/show_exceptions.rb:30:in `call'
  railties (4.0.8) lib/rails/rack/logger.rb:38:in `call_app'
  railties (4.0.8) lib/rails/rack/logger.rb:20:in `block in call'
  activesupport (4.0.8) lib/active_support/tagged_logging.rb:68:in `block in tagged'
  activesupport (4.0.8) lib/active_support/tagged_logging.rb:26:in `tagged'
  activesupport (4.0.8) lib/active_support/tagged_logging.rb:68:in `tagged'
  railties (4.0.8) lib/rails/rack/logger.rb:20:in `call'
  actionpack (4.0.8) lib/action_dispatch/middleware/request_id.rb:21:in `call'
  rack (1.5.2) lib/rack/methodoverride.rb:21:in `call'
  rack (1.5.2) lib/rack/runtime.rb:17:in `call'
  activesupport (4.0.8) lib/active_support/cache/strategy/local_cache.rb:83:in `call'
  rack (1.5.2) lib/rack/lock.rb:17:in `call'
  actionpack (4.0.8) lib/action_dispatch/middleware/static.rb:64:in `call'
  rack (1.5.2) lib/rack/sendfile.rb:112:in `call'
  railties (4.0.8) lib/rails/engine.rb:511:in `call'
  railties (4.0.8) lib/rails/application.rb:97:in `call'
  rack (1.5.2) lib/rack/lock.rb:17:in `call'
  rack (1.5.2) lib/rack/content_length.rb:14:in `call'
  rack (1.5.2) lib/rack/handler/webrick.rb:60:in `service'
  /home/gunnalar/.rvm/rubies/ruby-2.0.0-p481/lib/ruby/2.0.0/webrick/httpserver.rb:138:in `service'
  /home/gunnalar/.rvm/rubies/ruby-2.0.0-p481/lib/ruby/2.0.0/webrick/httpserver.rb:94:in `run'
  /home/gunnalar/.rvm/rubies/ruby-2.0.0-p481/lib/ruby/2.0.0/webrick/server.rb:295:in `block in start_thread'


  Rendered /home/gunnalar/.rvm/gems/ruby-2.0.0-p481@railstutorial_rails_4_0/gems/actionpack-4.0.8/lib/action_dispatch/middleware/templates/rescues/_source.erb (1.1ms)
  Rendered /home/gunnalar/.rvm/gems/ruby-2.0.0-p481@railstutorial_rails_4_0/gems/actionpack-4.0.8/lib/action_dispatch/middleware/templates/rescues/_trace.erb (2.1ms)
  Rendered /home/gunnalar/.rvm/gems/ruby-2.0.0-p481@railstutorial_rails_4_0/gems/actionpack-4.0.8/lib/action_dispatch/middleware/templates/rescues/_request_and_response.erb (1.3ms)
  Rendered /home/gunnalar/.rvm/gems/ruby-2.0.0-p481@railstutorial_rails_4_0/gems/actionpack-4.0.8/lib/action_dispatch/middleware/templates/rescues/diagnostics.erb within rescues/layout (21.4ms)


Started GET "/" for 127.0.0.1 at 2014-10-06 10:39:29 -0300

PG::ConnectionBad (FATAL:  Peer authentication failed for user "LyricsFromHell"
):
  activerecord (4.0.8) lib/active_record/connection_adapters/postgresql_adapter.rb:855:in `initialize'
  activerecord (4.0.8) lib/active_record/connection_adapters/postgresql_adapter.rb:855:in `new'
  activerecord (4.0.8) lib/active_record/connection_adapters/postgresql_adapter.rb:855:in `connect'
  activerecord (4.0.8) lib/active_record/connection_adapters/postgresql_adapter.rb:556:in `initialize'
  activerecord (4.0.8) lib/active_record/connection_adapters/postgresql_adapter.rb:41:in `new'
  activerecord (4.0.8) lib/active_record/connection_adapters/postgresql_adapter.rb:41:in `postgresql_connection'
  activerecord (4.0.8) lib/active_record/connection_adapters/abstract/connection_pool.rb:440:in `new_connection'
  activerecord (4.0.8) lib/active_record/connection_adapters/abstract/connection_pool.rb:450:in `checkout_new_connection'
  activerecord (4.0.8) lib/active_record/connection_adapters/abstract/connection_pool.rb:421:in `acquire_connection'
  activerecord (4.0.8) lib/active_record/connection_adapters/abstract/connection_pool.rb:356:in `block in checkout'
  /home/gunnalar/.rvm/rubies/ruby-2.0.0-p481/lib/ruby/2.0.0/monitor.rb:211:in `mon_synchronize'
  activerecord (4.0.8) lib/active_record/connection_adapters/abstract/connection_pool.rb:355:in `checkout'
  activerecord (4.0.8) lib/active_record/connection_adapters/abstract/connection_pool.rb:265:in `block in connection'
  /home/gunnalar/.rvm/rubies/ruby-2.0.0-p481/lib/ruby/2.0.0/monitor.rb:211:in `mon_synchronize'
  activerecord (4.0.8) lib/active_record/connection_adapters/abstract/connection_pool.rb:264:in `connection'
  activerecord (4.0.8) lib/active_record/connection_adapters/abstract/connection_pool.rb:546:in `retrieve_connection'
  activerecord (4.0.8) lib/active_record/connection_handling.rb:79:in `retrieve_connection'
  activerecord (4.0.8) lib/active_record/connection_handling.rb:53:in `connection'
  activerecord (4.0.8) lib/active_record/migration.rb:796:in `current_version'
  activerecord (4.0.8) lib/active_record/migration.rb:804:in `needs_migration?'
  activerecord (4.0.8) lib/active_record/migration.rb:383:in `check_pending!'
  activerecord (4.0.8) lib/active_record/migration.rb:370:in `call'
  actionpack (4.0.8) lib/action_dispatch/middleware/callbacks.rb:29:in `block in call'
  activesupport (4.0.8) lib/active_support/callbacks.rb:373:in `_run__4085120359771215356__call__callbacks'
  activesupport (4.0.8) lib/active_support/callbacks.rb:80:in `run_callbacks'
  actionpack (4.0.8) lib/action_dispatch/middleware/callbacks.rb:27:in `call'
  actionpack (4.0.8) lib/action_dispatch/middleware/reloader.rb:64:in `call'
  actionpack (4.0.8) lib/action_dispatch/middleware/remote_ip.rb:76:in `call'
  actionpack (4.0.8) lib/action_dispatch/middleware/debug_exceptions.rb:17:in `call'
  actionpack (4.0.8) lib/action_dispatch/middleware/show_exceptions.rb:30:in `call'
  railties (4.0.8) lib/rails/rack/logger.rb:38:in `call_app'
  railties (4.0.8) lib/rails/rack/logger.rb:20:in `block in call'
  activesupport (4.0.8) lib/active_support/tagged_logging.rb:68:in `block in tagged'
  activesupport (4.0.8) lib/active_support/tagged_logging.rb:26:in `tagged'
  activesupport (4.0.8) lib/active_support/tagged_logging.rb:68:in `tagged'
  railties (4.0.8) lib/rails/rack/logger.rb:20:in `call'
  actionpack (4.0.8) lib/action_dispatch/middleware/request_id.rb:21:in `call'
  rack (1.5.2) lib/rack/methodoverride.rb:21:in `call'
  rack (1.5.2) lib/rack/runtime.rb:17:in `call'
  activesupport (4.0.8) lib/active_support/cache/strategy/local_cache.rb:83:in `call'
  rack (1.5.2) lib/rack/lock.rb:17:in `call'
  actionpack (4.0.8) lib/action_dispatch/middleware/static.rb:64:in `call'
  rack (1.5.2) lib/rack/sendfile.rb:112:in `call'
  railties (4.0.8) lib/rails/engine.rb:511:in `call'
  railties (4.0.8) lib/rails/application.rb:97:in `call'
  rack (1.5.2) lib/rack/lock.rb:17:in `call'
  rack (1.5.2) lib/rack/content_length.rb:14:in `call'
  rack (1.5.2) lib/rack/handler/webrick.rb:60:in `service'
  /home/gunnalar/.rvm/rubies/ruby-2.0.0-p481/lib/ruby/2.0.0/webrick/httpserver.rb:138:in `service'
  /home/gunnalar/.rvm/rubies/ruby-2.0.0-p481/lib/ruby/2.0.0/webrick/httpserver.rb:94:in `run'
  /home/gunnalar/.rvm/rubies/ruby-2.0.0-p481/lib/ruby/2.0.0/webrick/server.rb:295:in `block in start_thread'


  Rendered /home/gunnalar/.rvm/gems/ruby-2.0.0-p481@railstutorial_rails_4_0/gems/actionpack-4.0.8/lib/action_dispatch/middleware/templates/rescues/_source.erb (1.1ms)
  Rendered /home/gunnalar/.rvm/gems/ruby-2.0.0-p481@railstutorial_rails_4_0/gems/actionpack-4.0.8/lib/action_dispatch/middleware/templates/rescues/_trace.erb (1.7ms)
  Rendered /home/gunnalar/.rvm/gems/ruby-2.0.0-p481@railstutorial_rails_4_0/gems/actionpack-4.0.8/lib/action_dispatch/middleware/templates/rescues/_request_and_response.erb (1.7ms)
  Rendered /home/gunnalar/.rvm/gems/ruby-2.0.0-p481@railstutorial_rails_4_0/gems/actionpack-4.0.8/lib/action_dispatch/middleware/templates/rescues/diagnostics.erb within rescues/layout (21.0ms)


Started GET "/" for 127.0.0.1 at 2014-10-06 10:45:05 -0300

PG::ConnectionBad (FATAL:  Peer authentication failed for user "LyricsFromHell"
):
  activerecord (4.0.8) lib/active_record/connection_adapters/postgresql_adapter.rb:855:in `initialize'
  activerecord (4.0.8) lib/active_record/connection_adapters/postgresql_adapter.rb:855:in `new'
  activerecord (4.0.8) lib/active_record/connection_adapters/postgresql_adapter.rb:855:in `connect'
  activerecord (4.0.8) lib/active_record/connection_adapters/postgresql_adapter.rb:556:in `initialize'
  activerecord (4.0.8) lib/active_record/connection_adapters/postgresql_adapter.rb:41:in `new'
  activerecord (4.0.8) lib/active_record/connection_adapters/postgresql_adapter.rb:41:in `postgresql_connection'
  activerecord (4.0.8) lib/active_record/connection_adapters/abstract/connection_pool.rb:440:in `new_connection'
  activerecord (4.0.8) lib/active_record/connection_adapters/abstract/connection_pool.rb:450:in `checkout_new_connection'
  activerecord (4.0.8) lib/active_record/connection_adapters/abstract/connection_pool.rb:421:in `acquire_connection'
  activerecord (4.0.8) lib/active_record/connection_adapters/abstract/connection_pool.rb:356:in `block in checkout'
  /home/gunnalar/.rvm/rubies/ruby-2.0.0-p481/lib/ruby/2.0.0/monitor.rb:211:in `mon_synchronize'
  activerecord (4.0.8) lib/active_record/connection_adapters/abstract/connection_pool.rb:355:in `checkout'
  activerecord (4.0.8) lib/active_record/connection_adapters/abstract/connection_pool.rb:265:in `block in connection'
  /home/gunnalar/.rvm/rubies/ruby-2.0.0-p481/lib/ruby/2.0.0/monitor.rb:211:in `mon_synchronize'
  activerecord (4.0.8) lib/active_record/connection_adapters/abstract/connection_pool.rb:264:in `connection'
  activerecord (4.0.8) lib/active_record/connection_adapters/abstract/connection_pool.rb:546:in `retrieve_connection'
  activerecord (4.0.8) lib/active_record/connection_handling.rb:79:in `retrieve_connection'
  activerecord (4.0.8) lib/active_record/connection_handling.rb:53:in `connection'
  activerecord (4.0.8) lib/active_record/migration.rb:796:in `current_version'
  activerecord (4.0.8) lib/active_record/migration.rb:804:in `needs_migration?'
  activerecord (4.0.8) lib/active_record/migration.rb:383:in `check_pending!'
  activerecord (4.0.8) lib/active_record/migration.rb:370:in `call'
  actionpack (4.0.8) lib/action_dispatch/middleware/callbacks.rb:29:in `block in call'
  activesupport (4.0.8) lib/active_support/callbacks.rb:373:in `_run__857302014363045029__call__callbacks'
  activesupport (4.0.8) lib/active_support/callbacks.rb:80:in `run_callbacks'
  actionpack (4.0.8) lib/action_dispatch/middleware/callbacks.rb:27:in `call'
  actionpack (4.0.8) lib/action_dispatch/middleware/reloader.rb:64:in `call'
  actionpack (4.0.8) lib/action_dispatch/middleware/remote_ip.rb:76:in `call'
  actionpack (4.0.8) lib/action_dispatch/middleware/debug_exceptions.rb:17:in `call'
  actionpack (4.0.8) lib/action_dispatch/middleware/show_exceptions.rb:30:in `call'
  railties (4.0.8) lib/rails/rack/logger.rb:38:in `call_app'
  railties (4.0.8) lib/rails/rack/logger.rb:20:in `block in call'
  activesupport (4.0.8) lib/active_support/tagged_logging.rb:68:in `block in tagged'
  activesupport (4.0.8) lib/active_support/tagged_logging.rb:26:in `tagged'
  activesupport (4.0.8) lib/active_support/tagged_logging.rb:68:in `tagged'
  railties (4.0.8) lib/rails/rack/logger.rb:20:in `call'
  actionpack (4.0.8) lib/action_dispatch/middleware/request_id.rb:21:in `call'
  rack (1.5.2) lib/rack/methodoverride.rb:21:in `call'
  rack (1.5.2) lib/rack/runtime.rb:17:in `call'
  activesupport (4.0.8) lib/active_support/cache/strategy/local_cache.rb:83:in `call'
  rack (1.5.2) lib/rack/lock.rb:17:in `call'
  actionpack (4.0.8) lib/action_dispatch/middleware/static.rb:64:in `call'
  rack (1.5.2) lib/rack/sendfile.rb:112:in `call'
  railties (4.0.8) lib/rails/engine.rb:511:in `call'
  railties (4.0.8) lib/rails/application.rb:97:in `call'
  rack (1.5.2) lib/rack/lock.rb:17:in `call'
  rack (1.5.2) lib/rack/content_length.rb:14:in `call'
  rack (1.5.2) lib/rack/handler/webrick.rb:60:in `service'
  /home/gunnalar/.rvm/rubies/ruby-2.0.0-p481/lib/ruby/2.0.0/webrick/httpserver.rb:138:in `service'
  /home/gunnalar/.rvm/rubies/ruby-2.0.0-p481/lib/ruby/2.0.0/webrick/httpserver.rb:94:in `run'
  /home/gunnalar/.rvm/rubies/ruby-2.0.0-p481/lib/ruby/2.0.0/webrick/server.rb:295:in `block in start_thread'


  Rendered /home/gunnalar/.rvm/gems/ruby-2.0.0-p481@railstutorial_rails_4_0/gems/actionpack-4.0.8/lib/action_dispatch/middleware/templates/rescues/_source.erb (1.1ms)
  Rendered /home/gunnalar/.rvm/gems/ruby-2.0.0-p481@railstutorial_rails_4_0/gems/actionpack-4.0.8/lib/action_dispatch/middleware/templates/rescues/_trace.erb (2.1ms)
  Rendered /home/gunnalar/.rvm/gems/ruby-2.0.0-p481@railstutorial_rails_4_0/gems/actionpack-4.0.8/lib/action_dispatch/middleware/templates/rescues/_request_and_response.erb (1.4ms)
  Rendered /home/gunnalar/.rvm/gems/ruby-2.0.0-p481@railstutorial_rails_4_0/gems/actionpack-4.0.8/lib/action_dispatch/middleware/templates/rescues/diagnostics.erb within rescues/layout (21.3ms)


Started GET "/songs" for 127.0.0.1 at 2014-10-06 10:45:10 -0300

PG::ConnectionBad (FATAL:  Peer authentication failed for user "LyricsFromHell"
):
  activerecord (4.0.8) lib/active_record/connection_adapters/postgresql_adapter.rb:855:in `initialize'
  activerecord (4.0.8) lib/active_record/connection_adapters/postgresql_adapter.rb:855:in `new'
  activerecord (4.0.8) lib/active_record/connection_adapters/postgresql_adapter.rb:855:in `connect'
  activerecord (4.0.8) lib/active_record/connection_adapters/postgresql_adapter.rb:556:in `initialize'
  activerecord (4.0.8) lib/active_record/connection_adapters/postgresql_adapter.rb:41:in `new'
  activerecord (4.0.8) lib/active_record/connection_adapters/postgresql_adapter.rb:41:in `postgresql_connection'
  activerecord (4.0.8) lib/active_record/connection_adapters/abstract/connection_pool.rb:440:in `new_connection'
  activerecord (4.0.8) lib/active_record/connection_adapters/abstract/connection_pool.rb:450:in `checkout_new_connection'
  activerecord (4.0.8) lib/active_record/connection_adapters/abstract/connection_pool.rb:421:in `acquire_connection'
  activerecord (4.0.8) lib/active_record/connection_adapters/abstract/connection_pool.rb:356:in `block in checkout'
  /home/gunnalar/.rvm/rubies/ruby-2.0.0-p481/lib/ruby/2.0.0/monitor.rb:211:in `mon_synchronize'
  activerecord (4.0.8) lib/active_record/connection_adapters/abstract/connection_pool.rb:355:in `checkout'
  activerecord (4.0.8) lib/active_record/connection_adapters/abstract/connection_pool.rb:265:in `block in connection'
  /home/gunnalar/.rvm/rubies/ruby-2.0.0-p481/lib/ruby/2.0.0/monitor.rb:211:in `mon_synchronize'
  activerecord (4.0.8) lib/active_record/connection_adapters/abstract/connection_pool.rb:264:in `connection'
  activerecord (4.0.8) lib/active_record/connection_adapters/abstract/connection_pool.rb:546:in `retrieve_connection'
  activerecord (4.0.8) lib/active_record/connection_handling.rb:79:in `retrieve_connection'
  activerecord (4.0.8) lib/active_record/connection_handling.rb:53:in `connection'
  activerecord (4.0.8) lib/active_record/migration.rb:796:in `current_version'
  activerecord (4.0.8) lib/active_record/migration.rb:804:in `needs_migration?'
  activerecord (4.0.8) lib/active_record/migration.rb:383:in `check_pending!'
  activerecord (4.0.8) lib/active_record/migration.rb:370:in `call'
  actionpack (4.0.8) lib/action_dispatch/middleware/callbacks.rb:29:in `block in call'
  activesupport (4.0.8) lib/active_support/callbacks.rb:373:in `_run__857302014363045029__call__callbacks'
  activesupport (4.0.8) lib/active_support/callbacks.rb:80:in `run_callbacks'
  actionpack (4.0.8) lib/action_dispatch/middleware/callbacks.rb:27:in `call'
  actionpack (4.0.8) lib/action_dispatch/middleware/reloader.rb:64:in `call'
  actionpack (4.0.8) lib/action_dispatch/middleware/remote_ip.rb:76:in `call'
  actionpack (4.0.8) lib/action_dispatch/middleware/debug_exceptions.rb:17:in `call'
  actionpack (4.0.8) lib/action_dispatch/middleware/show_exceptions.rb:30:in `call'
  railties (4.0.8) lib/rails/rack/logger.rb:38:in `call_app'
  railties (4.0.8) lib/rails/rack/logger.rb:20:in `block in call'
  activesupport (4.0.8) lib/active_support/tagged_logging.rb:68:in `block in tagged'
  activesupport (4.0.8) lib/active_support/tagged_logging.rb:26:in `tagged'
  activesupport (4.0.8) lib/active_support/tagged_logging.rb:68:in `tagged'
  railties (4.0.8) lib/rails/rack/logger.rb:20:in `call'
  actionpack (4.0.8) lib/action_dispatch/middleware/request_id.rb:21:in `call'
  rack (1.5.2) lib/rack/methodoverride.rb:21:in `call'
  rack (1.5.2) lib/rack/runtime.rb:17:in `call'
  activesupport (4.0.8) lib/active_support/cache/strategy/local_cache.rb:83:in `call'
  rack (1.5.2) lib/rack/lock.rb:17:in `call'
  actionpack (4.0.8) lib/action_dispatch/middleware/static.rb:64:in `call'
  rack (1.5.2) lib/rack/sendfile.rb:112:in `call'
  railties (4.0.8) lib/rails/engine.rb:511:in `call'
  railties (4.0.8) lib/rails/application.rb:97:in `call'
  rack (1.5.2) lib/rack/lock.rb:17:in `call'
  rack (1.5.2) lib/rack/content_length.rb:14:in `call'
  rack (1.5.2) lib/rack/handler/webrick.rb:60:in `service'
  /home/gunnalar/.rvm/rubies/ruby-2.0.0-p481/lib/ruby/2.0.0/webrick/httpserver.rb:138:in `service'
  /home/gunnalar/.rvm/rubies/ruby-2.0.0-p481/lib/ruby/2.0.0/webrick/httpserver.rb:94:in `run'
  /home/gunnalar/.rvm/rubies/ruby-2.0.0-p481/lib/ruby/2.0.0/webrick/server.rb:295:in `block in start_thread'


  Rendered /home/gunnalar/.rvm/gems/ruby-2.0.0-p481@railstutorial_rails_4_0/gems/actionpack-4.0.8/lib/action_dispatch/middleware/templates/rescues/_source.erb (1.1ms)
  Rendered /home/gunnalar/.rvm/gems/ruby-2.0.0-p481@railstutorial_rails_4_0/gems/actionpack-4.0.8/lib/action_dispatch/middleware/templates/rescues/_trace.erb (2.2ms)
  Rendered /home/gunnalar/.rvm/gems/ruby-2.0.0-p481@railstutorial_rails_4_0/gems/actionpack-4.0.8/lib/action_dispatch/middleware/templates/rescues/_request_and_response.erb (1.7ms)
  Rendered /home/gunnalar/.rvm/gems/ruby-2.0.0-p481@railstutorial_rails_4_0/gems/actionpack-4.0.8/lib/action_dispatch/middleware/templates/rescues/diagnostics.erb within rescues/layout (22.1ms)


Started GET "/" for 127.0.0.1 at 2014-10-06 10:47:56 -0300

PG::ConnectionBad (fe_sendauth: no password supplied
):
  activerecord (4.0.8) lib/active_record/connection_adapters/postgresql_adapter.rb:855:in `initialize'
  activerecord (4.0.8) lib/active_record/connection_adapters/postgresql_adapter.rb:855:in `new'
  activerecord (4.0.8) lib/active_record/connection_adapters/postgresql_adapter.rb:855:in `connect'
  activerecord (4.0.8) lib/active_record/connection_adapters/postgresql_adapter.rb:556:in `initialize'
  activerecord (4.0.8) lib/active_record/connection_adapters/postgresql_adapter.rb:41:in `new'
  activerecord (4.0.8) lib/active_record/connection_adapters/postgresql_adapter.rb:41:in `postgresql_connection'
  activerecord (4.0.8) lib/active_record/connection_adapters/abstract/connection_pool.rb:440:in `new_connection'
  activerecord (4.0.8) lib/active_record/connection_adapters/abstract/connection_pool.rb:450:in `checkout_new_connection'
  activerecord (4.0.8) lib/active_record/connection_adapters/abstract/connection_pool.rb:421:in `acquire_connection'
  activerecord (4.0.8) lib/active_record/connection_adapters/abstract/connection_pool.rb:356:in `block in checkout'
  /home/gunnalar/.rvm/rubies/ruby-2.0.0-p481/lib/ruby/2.0.0/monitor.rb:211:in `mon_synchronize'
  activerecord (4.0.8) lib/active_record/connection_adapters/abstract/connection_pool.rb:355:in `checkout'
  activerecord (4.0.8) lib/active_record/connection_adapters/abstract/connection_pool.rb:265:in `block in connection'
  /home/gunnalar/.rvm/rubies/ruby-2.0.0-p481/lib/ruby/2.0.0/monitor.rb:211:in `mon_synchronize'
  activerecord (4.0.8) lib/active_record/connection_adapters/abstract/connection_pool.rb:264:in `connection'
  activerecord (4.0.8) lib/active_record/connection_adapters/abstract/connection_pool.rb:546:in `retrieve_connection'
  activerecord (4.0.8) lib/active_record/connection_handling.rb:79:in `retrieve_connection'
  activerecord (4.0.8) lib/active_record/connection_handling.rb:53:in `connection'
  activerecord (4.0.8) lib/active_record/migration.rb:796:in `current_version'
  activerecord (4.0.8) lib/active_record/migration.rb:804:in `needs_migration?'
  activerecord (4.0.8) lib/active_record/migration.rb:383:in `check_pending!'
  activerecord (4.0.8) lib/active_record/migration.rb:370:in `call'
  actionpack (4.0.8) lib/action_dispatch/middleware/callbacks.rb:29:in `block in call'
  activesupport (4.0.8) lib/active_support/callbacks.rb:373:in `_run__1348797333373851199__call__callbacks'
  activesupport (4.0.8) lib/active_support/callbacks.rb:80:in `run_callbacks'
  actionpack (4.0.8) lib/action_dispatch/middleware/callbacks.rb:27:in `call'
  actionpack (4.0.8) lib/action_dispatch/middleware/reloader.rb:64:in `call'
  actionpack (4.0.8) lib/action_dispatch/middleware/remote_ip.rb:76:in `call'
  actionpack (4.0.8) lib/action_dispatch/middleware/debug_exceptions.rb:17:in `call'
  actionpack (4.0.8) lib/action_dispatch/middleware/show_exceptions.rb:30:in `call'
  railties (4.0.8) lib/rails/rack/logger.rb:38:in `call_app'
  railties (4.0.8) lib/rails/rack/logger.rb:20:in `block in call'
  activesupport (4.0.8) lib/active_support/tagged_logging.rb:68:in `block in tagged'
  activesupport (4.0.8) lib/active_support/tagged_logging.rb:26:in `tagged'
  activesupport (4.0.8) lib/active_support/tagged_logging.rb:68:in `tagged'
  railties (4.0.8) lib/rails/rack/logger.rb:20:in `call'
  actionpack (4.0.8) lib/action_dispatch/middleware/request_id.rb:21:in `call'
  rack (1.5.2) lib/rack/methodoverride.rb:21:in `call'
  rack (1.5.2) lib/rack/runtime.rb:17:in `call'
  activesupport (4.0.8) lib/active_support/cache/strategy/local_cache.rb:83:in `call'
  rack (1.5.2) lib/rack/lock.rb:17:in `call'
  actionpack (4.0.8) lib/action_dispatch/middleware/static.rb:64:in `call'
  rack (1.5.2) lib/rack/sendfile.rb:112:in `call'
  railties (4.0.8) lib/rails/engine.rb:511:in `call'
  railties (4.0.8) lib/rails/application.rb:97:in `call'
  rack (1.5.2) lib/rack/lock.rb:17:in `call'
  rack (1.5.2) lib/rack/content_length.rb:14:in `call'
  rack (1.5.2) lib/rack/handler/webrick.rb:60:in `service'
  /home/gunnalar/.rvm/rubies/ruby-2.0.0-p481/lib/ruby/2.0.0/webrick/httpserver.rb:138:in `service'
  /home/gunnalar/.rvm/rubies/ruby-2.0.0-p481/lib/ruby/2.0.0/webrick/httpserver.rb:94:in `run'
  /home/gunnalar/.rvm/rubies/ruby-2.0.0-p481/lib/ruby/2.0.0/webrick/server.rb:295:in `block in start_thread'


  Rendered /home/gunnalar/.rvm/gems/ruby-2.0.0-p481@railstutorial_rails_4_0/gems/actionpack-4.0.8/lib/action_dispatch/middleware/templates/rescues/_source.erb (1.1ms)
  Rendered /home/gunnalar/.rvm/gems/ruby-2.0.0-p481@railstutorial_rails_4_0/gems/actionpack-4.0.8/lib/action_dispatch/middleware/templates/rescues/_trace.erb (1.6ms)
  Rendered /home/gunnalar/.rvm/gems/ruby-2.0.0-p481@railstutorial_rails_4_0/gems/actionpack-4.0.8/lib/action_dispatch/middleware/templates/rescues/_request_and_response.erb (1.4ms)
  Rendered /home/gunnalar/.rvm/gems/ruby-2.0.0-p481@railstutorial_rails_4_0/gems/actionpack-4.0.8/lib/action_dispatch/middleware/templates/rescues/diagnostics.erb within rescues/layout (21.0ms)
  [1m[36m (18.3ms)[0m  [1mCREATE TABLE "schema_migrations" ("version" character varying(255) NOT NULL) [0m
  [1m[35m (63.4ms)[0m  CREATE UNIQUE INDEX "unique_schema_migrations" ON "schema_migrations" ("version")
  [1m[36mActiveRecord::SchemaMigration Load (0.9ms)[0m  [1mSELECT "schema_migrations".* FROM "schema_migrations"[0m
Migrating to CreateSongs (20141006110311)
  [1m[35m (0.4ms)[0m  BEGIN
  [1m[36m (89.6ms)[0m  [1mCREATE TABLE "songs" ("id" serial primary key, "name" character varying(255), "band" character varying(255), "img" character varying(255), "lyrics" text, "created_at" timestamp, "updated_at" timestamp) [0m
  [1m[35mSQL (2.0ms)[0m  INSERT INTO "schema_migrations" ("version") VALUES ($1)  [["version", "20141006110311"]]
  [1m[36m (16.5ms)[0m  [1mCOMMIT[0m
  [1m[35mActiveRecord::SchemaMigration Load (1.0ms)[0m  SELECT "schema_migrations".* FROM "schema_migrations"


Started GET "/" for 127.0.0.1 at 2014-10-06 10:54:24 -0300
  [1m[36mActiveRecord::SchemaMigration Load (1.2ms)[0m  [1mSELECT "schema_migrations".* FROM "schema_migrations"[0m
Processing by Rails::WelcomeController#index as HTML
  Rendered /home/gunnalar/.rvm/gems/ruby-2.0.0-p481@railstutorial_rails_4_0/gems/railties-4.0.8/lib/rails/templates/rails/welcome/index.html.erb (1.9ms)
Completed 200 OK in 46ms (Views: 24.8ms | ActiveRecord: 0.0ms)


Started GET "/songs" for 127.0.0.1 at 2014-10-06 10:54:29 -0300
Processing by SongsController#index as HTML
  [1m[35mSong Load (1.0ms)[0m  SELECT "songs".* FROM "songs"
  Rendered songs/index.html.erb within layouts/application (3.4ms)
Completed 200 OK in 1194ms (Views: 1189.9ms | ActiveRecord: 1.0ms)


Started GET "/assets/application.css?body=1" for 127.0.0.1 at 2014-10-06 10:54:30 -0300


Started GET "/assets/scaffolds.css?body=1" for 127.0.0.1 at 2014-10-06 10:54:31 -0300


Started GET "/assets/songs.js?body=1" for 127.0.0.1 at 2014-10-06 10:54:31 -0300


Started GET "/assets/jquery_ujs.js?body=1" for 127.0.0.1 at 2014-10-06 10:54:31 -0300


Started GET "/assets/turbolinks.js?body=1" for 127.0.0.1 at 2014-10-06 10:54:31 -0300


Started GET "/assets/jquery.js?body=1" for 127.0.0.1 at 2014-10-06 10:54:31 -0300


Started GET "/assets/songs.css?body=1" for 127.0.0.1 at 2014-10-06 10:54:31 -0300


Started GET "/assets/application.js?body=1" for 127.0.0.1 at 2014-10-06 10:54:31 -0300


Started GET "/songs" for 127.0.0.1 at 2014-10-06 11:59:38 -0300
  [1m[36mActiveRecord::SchemaMigration Load (0.9ms)[0m  [1mSELECT "schema_migrations".* FROM "schema_migrations"[0m
Processing by SongsController#index as HTML
  [1m[35mSong Load (1.0ms)[0m  SELECT "songs".* FROM "songs"
  Rendered songs/index.html.erb within layouts/application (4.8ms)
Completed 200 OK in 111ms (Views: 92.9ms | ActiveRecord: 1.0ms)


Started GET "/assets/application.css?body=1" for 127.0.0.1 at 2014-10-06 11:59:39 -0300


Started GET "/assets/songs.css?body=1" for 127.0.0.1 at 2014-10-06 11:59:39 -0300


Started GET "/assets/scaffolds.css?body=1" for 127.0.0.1 at 2014-10-06 11:59:39 -0300


Started GET "/assets/jquery_ujs.js?body=1" for 127.0.0.1 at 2014-10-06 11:59:39 -0300


Started GET "/assets/songs.js?body=1" for 127.0.0.1 at 2014-10-06 11:59:39 -0300


Started GET "/assets/turbolinks.js?body=1" for 127.0.0.1 at 2014-10-06 11:59:39 -0300


Started GET "/assets/jquery.js?body=1" for 127.0.0.1 at 2014-10-06 11:59:39 -0300


Started GET "/assets/application.js?body=1" for 127.0.0.1 at 2014-10-06 11:59:39 -0300


Started GET "/songs" for 127.0.0.1 at 2014-10-06 13:28:30 -0300
  [1m[36mActiveRecord::SchemaMigration Load (1.2ms)[0m  [1mSELECT "schema_migrations".* FROM "schema_migrations"[0m
Processing by SongsController#index as HTML
  [1m[35mSong Load (1.1ms)[0m  SELECT "songs".* FROM "songs"
  Rendered songs/index.html.erb within layouts/application (5.0ms)
Completed 200 OK in 113ms (Views: 92.6ms | ActiveRecord: 1.1ms)


Started GET "/assets/application.css?body=1" for 127.0.0.1 at 2014-10-06 13:28:31 -0300


Started GET "/assets/scaffolds.css?body=1" for 127.0.0.1 at 2014-10-06 13:28:31 -0300


Started GET "/assets/songs.css?body=1" for 127.0.0.1 at 2014-10-06 13:28:31 -0300


Started GET "/assets/jquery_ujs.js?body=1" for 127.0.0.1 at 2014-10-06 13:28:31 -0300


Started GET "/assets/jquery.js?body=1" for 127.0.0.1 at 2014-10-06 13:28:31 -0300


Started GET "/assets/turbolinks.js?body=1" for 127.0.0.1 at 2014-10-06 13:28:31 -0300


Started GET "/assets/songs.js?body=1" for 127.0.0.1 at 2014-10-06 13:28:31 -0300


Started GET "/assets/application.js?body=1" for 127.0.0.1 at 2014-10-06 13:28:31 -0300


Started GET "/songs/new" for 127.0.0.1 at 2014-10-06 13:28:33 -0300
Processing by SongsController#new as HTML
  Rendered songs/_form.html.erb (128.2ms)
  Rendered songs/new.html.erb within layouts/application (186.3ms)
Completed 200 OK in 201ms (Views: 194.0ms | ActiveRecord: 3.7ms)


Started GET "/songs" for 127.0.0.1 at 2014-10-06 13:28:38 -0300
Processing by SongsController#index as HTML
  [1m[36mSong Load (0.7ms)[0m  [1mSELECT "songs".* FROM "songs"[0m
  Rendered songs/index.html.erb within layouts/application (2.9ms)
Completed 200 OK in 12ms (Views: 10.0ms | ActiveRecord: 0.7ms)


Started GET "/songs" for 127.0.0.1 at 2014-10-06 13:33:39 -0300
  [1m[36mActiveRecord::SchemaMigration Load (1.2ms)[0m  [1mSELECT "schema_migrations".* FROM "schema_migrations"[0m
Processing by SongsController#index as HTML
  [1m[35mSong Load (1.0ms)[0m  SELECT "songs".* FROM "songs"
  Rendered songs/index.html.erb within layouts/application (5.1ms)
Completed 200 OK in 107ms (Views: 89.4ms | ActiveRecord: 1.0ms)


Started GET "/assets/application.css?body=1" for 127.0.0.1 at 2014-10-06 13:33:39 -0300


Started GET "/assets/songs.css?body=1" for 127.0.0.1 at 2014-10-06 13:33:39 -0300


Started GET "/assets/scaffolds.css?body=1" for 127.0.0.1 at 2014-10-06 13:33:39 -0300


Started GET "/assets/jquery_ujs.js?body=1" for 127.0.0.1 at 2014-10-06 13:33:39 -0300


Started GET "/assets/turbolinks.js?body=1" for 127.0.0.1 at 2014-10-06 13:33:39 -0300


Started GET "/assets/jquery.js?body=1" for 127.0.0.1 at 2014-10-06 13:33:39 -0300


Started GET "/assets/songs.js?body=1" for 127.0.0.1 at 2014-10-06 13:33:39 -0300


Started GET "/assets/application.js?body=1" for 127.0.0.1 at 2014-10-06 13:33:39 -0300


Started GET "/songs/new" for 127.0.0.1 at 2014-10-06 13:33:41 -0300
Processing by SongsController#new as HTML
  Rendered songs/_form.html.erb (65.5ms)
  Rendered songs/new.html.erb within layouts/application (71.3ms)
Completed 200 OK in 84ms (Views: 77.9ms | ActiveRecord: 3.5ms)


Started GET "/songs" for 127.0.0.1 at 2014-10-06 13:33:44 -0300
Processing by SongsController#index as HTML
  [1m[36mSong Load (0.7ms)[0m  [1mSELECT "songs".* FROM "songs"[0m
  Rendered songs/index.html.erb within layouts/application (2.9ms)
Completed 200 OK in 11ms (Views: 9.0ms | ActiveRecord: 0.7ms)


Started GET "/songs" for 127.0.0.1 at 2014-10-06 13:57:33 -0300
  [1m[36mActiveRecord::SchemaMigration Load (1.0ms)[0m  [1mSELECT "schema_migrations".* FROM "schema_migrations"[0m
Processing by SongsController#index as HTML
  [1m[35mSong Load (1.1ms)[0m  SELECT "songs".* FROM "songs"
  Rendered songs/index.html.erb within layouts/application (4.9ms)
Completed 200 OK in 109ms (Views: 91.5ms | ActiveRecord: 1.1ms)


Started GET "/assets/application.css?body=1" for 127.0.0.1 at 2014-10-06 13:57:34 -0300


Started GET "/assets/songs.css?body=1" for 127.0.0.1 at 2014-10-06 13:57:34 -0300


Started GET "/assets/scaffolds.css?body=1" for 127.0.0.1 at 2014-10-06 13:57:34 -0300


Started GET "/assets/jquery_ujs.js?body=1" for 127.0.0.1 at 2014-10-06 13:57:34 -0300


Started GET "/assets/turbolinks.js?body=1" for 127.0.0.1 at 2014-10-06 13:57:34 -0300


Started GET "/assets/jquery.js?body=1" for 127.0.0.1 at 2014-10-06 13:57:34 -0300


Started GET "/assets/application.js?body=1" for 127.0.0.1 at 2014-10-06 13:57:34 -0300


Started GET "/assets/songs.js?body=1" for 127.0.0.1 at 2014-10-06 13:57:34 -0300


Started GET "/songs/new" for 127.0.0.1 at 2014-10-06 13:57:36 -0300
Processing by SongsController#new as HTML
  Rendered songs/_form.html.erb (66.4ms)
  Rendered songs/new.html.erb within layouts/application (71.1ms)
Completed 200 OK in 85ms (Views: 78.5ms | ActiveRecord: 3.5ms)


Started GET "/songs" for 127.0.0.1 at 2014-10-06 13:57:39 -0300
Processing by SongsController#index as HTML
  [1m[36mSong Load (0.8ms)[0m  [1mSELECT "songs".* FROM "songs"[0m
  Rendered songs/index.html.erb within layouts/application (3.5ms)
Completed 200 OK in 12ms (Views: 10.5ms | ActiveRecord: 0.8ms)
